Thu Jan 23 21:50:24 CET 2025 Thread[#32,JavaFX Application Thread,5,main] Cleanup action starting
java.sql.SQLException: XJ004.C : [0] testDB
	at org.apache.derby.impl.jdbc.SQLExceptionFactory.getSQLException(SQLExceptionFactory.java:115)
	at org.apache.derby.impl.jdbc.SQLExceptionFactory.getSQLException(SQLExceptionFactory.java:141)
	at org.apache.derby.impl.jdbc.Util.generateCsSQLException(Util.java:225)
	at org.apache.derby.impl.jdbc.Util.generateCsSQLException(Util.java:220)
	at org.apache.derby.impl.jdbc.EmbedConnection.newSQLException(EmbedConnection.java:3215)
	at org.apache.derby.impl.jdbc.EmbedConnection.handleDBNotFound(EmbedConnection.java:772)
	at org.apache.derby.impl.jdbc.EmbedConnection.<init>(EmbedConnection.java:442)
	at org.apache.derby.iapi.jdbc.InternalDriver$1.run(InternalDriver.java:660)
	at org.apache.derby.iapi.jdbc.InternalDriver$1.run(InternalDriver.java:656)
	at java.base/java.security.AccessController.doPrivileged(AccessController.java:571)
	at org.apache.derby.iapi.jdbc.InternalDriver.getNewEmbedConnection(InternalDriver.java:654)
	at org.apache.derby.iapi.jdbc.InternalDriver.connect(InternalDriver.java:300)
	at org.apache.derby.iapi.jdbc.InternalDriver.connect(InternalDriver.java:967)
	at org.apache.derby.iapi.jdbc.AutoloadedDriver.connect(AutoloadedDriver.java:136)
	at java.sql/java.sql.DriverManager.getConnection(DriverManager.java:683)
	at java.sql/java.sql.DriverManager.getConnection(DriverManager.java:253)
	at progkom.JdbcGameOfLifeBoardDao.<init>(JdbcGameOfLifeBoardDao.java:248)
	at progkom.GameOfLifeBoardDaoFactory.getDbDao(GameOfLifeBoardDaoFactory.java:9)
	at progkom.controller.GameBoardController.lambda$saveBoardToDb$2(GameBoardController.java:87)
	at java.base/java.util.Optional.ifPresent(Optional.java:178)
	at progkom.controller.GameBoardController.saveBoardToDb(GameBoardController.java:82)
	at java.base/jdk.internal.reflect.DirectMethodHandleAccessor.invoke(DirectMethodHandleAccessor.java:103)
	at java.base/java.lang.reflect.Method.invoke(Method.java:580)
	at com.sun.javafx.reflect.Trampoline.invoke(MethodUtil.java:72)
	at java.base/jdk.internal.reflect.DirectMethodHandleAccessor.invoke(DirectMethodHandleAccessor.java:103)
	at java.base/java.lang.reflect.Method.invoke(Method.java:580)
	at javafx.base@23.0.1/com.sun.javafx.reflect.MethodUtil.invoke(MethodUtil.java:270)
	at javafx.fxml@23.0.1/com.sun.javafx.fxml.MethodHelper.invoke(MethodHelper.java:84)
	at javafx.fxml@23.0.1/javafx.fxml.FXMLLoader$MethodHandler.invoke(FXMLLoader.java:1860)
	at javafx.fxml@23.0.1/javafx.fxml.FXMLLoader$ControllerMethodEventHandler.handle(FXMLLoader.java:1731)
	at javafx.base@23.0.1/com.sun.javafx.event.CompositeEventHandler.dispatchBubblingEvent(CompositeEventHandler.java:86)
	at javafx.base@23.0.1/com.sun.javafx.event.EventHandlerManager.dispatchBubblingEvent(EventHandlerManager.java:232)
	at javafx.base@23.0.1/com.sun.javafx.event.EventHandlerManager.dispatchBubblingEvent(EventHandlerManager.java:189)
	at javafx.base@23.0.1/com.sun.javafx.event.CompositeEventDispatcher.dispatchBubblingEvent(CompositeEventDispatcher.java:59)
	at javafx.base@23.0.1/com.sun.javafx.event.BasicEventDispatcher.dispatchEvent(BasicEventDispatcher.java:58)
	at javafx.base@23.0.1/com.sun.javafx.event.EventDispatchChainImpl.dispatchEvent(EventDispatchChainImpl.java:114)
	at javafx.base@23.0.1/com.sun.javafx.event.BasicEventDispatcher.dispatchEvent(BasicEventDispatcher.java:56)
	at javafx.base@23.0.1/com.sun.javafx.event.EventDispatchChainImpl.dispatchEvent(EventDispatchChainImpl.java:114)
	at javafx.base@23.0.1/com.sun.javafx.event.BasicEventDispatcher.dispatchEvent(BasicEventDispatcher.java:56)
	at javafx.base@23.0.1/com.sun.javafx.event.EventDispatchChainImpl.dispatchEvent(EventDispatchChainImpl.java:114)
	at javafx.base@23.0.1/com.sun.javafx.event.EventUtil.fireEventImpl(EventUtil.java:74)
	at javafx.base@23.0.1/com.sun.javafx.event.EventUtil.fireEvent(EventUtil.java:49)
	at javafx.base@23.0.1/javafx.event.Event.fireEvent(Event.java:199)
	at javafx.graphics@23.0.1/javafx.scene.Node.fireEvent(Node.java:8963)
	at javafx.controls@23.0.1/javafx.scene.control.Button.fire(Button.java:203)
	at javafx.controls@23.0.1/com.sun.javafx.scene.control.behavior.ButtonBehavior.mouseReleased(ButtonBehavior.java:207)
	at javafx.controls@23.0.1/com.sun.javafx.scene.control.inputmap.InputMap.handle(InputMap.java:274)
	at javafx.base@23.0.1/com.sun.javafx.event.CompositeEventHandler$NormalEventHandlerRecord.handleBubblingEvent(CompositeEventHandler.java:247)
	at javafx.base@23.0.1/com.sun.javafx.event.CompositeEventHandler.dispatchBubblingEvent(CompositeEventHandler.java:80)
	at javafx.base@23.0.1/com.sun.javafx.event.EventHandlerManager.dispatchBubblingEvent(EventHandlerManager.java:232)
	at javafx.base@23.0.1/com.sun.javafx.event.EventHandlerManager.dispatchBubblingEvent(EventHandlerManager.java:189)
	at javafx.base@23.0.1/com.sun.javafx.event.CompositeEventDispatcher.dispatchBubblingEvent(CompositeEventDispatcher.java:59)
	at javafx.base@23.0.1/com.sun.javafx.event.BasicEventDispatcher.dispatchEvent(BasicEventDispatcher.java:58)
	at javafx.base@23.0.1/com.sun.javafx.event.EventDispatchChainImpl.dispatchEvent(EventDispatchChainImpl.java:114)
	at javafx.base@23.0.1/com.sun.javafx.event.BasicEventDispatcher.dispatchEvent(BasicEventDispatcher.java:56)
	at javafx.base@23.0.1/com.sun.javafx.event.EventDispatchChainImpl.dispatchEvent(EventDispatchChainImpl.java:114)
	at javafx.base@23.0.1/com.sun.javafx.event.BasicEventDispatcher.dispatchEvent(BasicEventDispatcher.java:56)
	at javafx.base@23.0.1/com.sun.javafx.event.EventDispatchChainImpl.dispatchEvent(EventDispatchChainImpl.java:114)
	at javafx.base@23.0.1/com.sun.javafx.event.EventUtil.fireEventImpl(EventUtil.java:74)
	at javafx.base@23.0.1/com.sun.javafx.event.EventUtil.fireEvent(EventUtil.java:54)
	at javafx.base@23.0.1/javafx.event.Event.fireEvent(Event.java:199)
	at javafx.graphics@23.0.1/javafx.scene.Scene$MouseHandler.process(Scene.java:3987)
	at javafx.graphics@23.0.1/javafx.scene.Scene.processMouseEvent(Scene.java:1893)
	at javafx.graphics@23.0.1/javafx.scene.Scene$ScenePeerListener.mouseEvent(Scene.java:2711)
	at javafx.graphics@23.0.1/com.sun.javafx.tk.quantum.GlassViewEventHandler$MouseEventNotification.run(GlassViewEventHandler.java:411)
	at javafx.graphics@23.0.1/com.sun.javafx.tk.quantum.GlassViewEventHandler$MouseEventNotification.run(GlassViewEventHandler.java:301)
	at java.base/java.security.AccessController.doPrivileged(AccessController.java:400)
	at javafx.graphics@23.0.1/com.sun.javafx.tk.quantum.GlassViewEventHandler.lambda$handleMouseEvent$2(GlassViewEventHandler.java:450)
	at javafx.graphics@23.0.1/com.sun.javafx.tk.quantum.QuantumToolkit.runWithoutRenderLock(QuantumToolkit.java:430)
	at javafx.graphics@23.0.1/com.sun.javafx.tk.quantum.GlassViewEventHandler.handleMouseEvent(GlassViewEventHandler.java:449)
	at javafx.graphics@23.0.1/com.sun.glass.ui.View.handleMouseEvent(View.java:560)
	at javafx.graphics@23.0.1/com.sun.glass.ui.View.notifyMouse(View.java:946)
	at javafx.graphics@23.0.1/com.sun.glass.ui.win.WinApplication._runLoop(Native Method)
	at javafx.graphics@23.0.1/com.sun.glass.ui.win.WinApplication.lambda$runLoop$3(WinApplication.java:184)
	at java.base/java.lang.Thread.run(Thread.java:1583)
Caused by: ERROR XJ004: XJ004.C : [0] testDB
	at org.apache.derby.shared.common.error.StandardException.newException(StandardException.java:300)
	at org.apache.derby.impl.jdbc.SQLExceptionFactory.wrapArgsForTransportAcrossDRDA(SQLExceptionFactory.java:170)
	at org.apache.derby.impl.jdbc.SQLExceptionFactory.getSQLException(SQLExceptionFactory.java:75)
	... 74 more
============= begin nested exception, level (1) ===========
ERROR XJ004: XJ004.C : [0] testDB
	at org.apache.derby.shared.common.error.StandardException.newException(StandardException.java:300)
	at org.apache.derby.impl.jdbc.SQLExceptionFactory.wrapArgsForTransportAcrossDRDA(SQLExceptionFactory.java:170)
	at org.apache.derby.impl.jdbc.SQLExceptionFactory.getSQLException(SQLExceptionFactory.java:75)
	at org.apache.derby.impl.jdbc.SQLExceptionFactory.getSQLException(SQLExceptionFactory.java:141)
	at org.apache.derby.impl.jdbc.Util.generateCsSQLException(Util.java:225)
	at org.apache.derby.impl.jdbc.Util.generateCsSQLException(Util.java:220)
	at org.apache.derby.impl.jdbc.EmbedConnection.newSQLException(EmbedConnection.java:3215)
	at org.apache.derby.impl.jdbc.EmbedConnection.handleDBNotFound(EmbedConnection.java:772)
	at org.apache.derby.impl.jdbc.EmbedConnection.<init>(EmbedConnection.java:442)
	at org.apache.derby.iapi.jdbc.InternalDriver$1.run(InternalDriver.java:660)
	at org.apache.derby.iapi.jdbc.InternalDriver$1.run(InternalDriver.java:656)
	at java.base/java.security.AccessController.doPrivileged(AccessController.java:571)
	at org.apache.derby.iapi.jdbc.InternalDriver.getNewEmbedConnection(InternalDriver.java:654)
	at org.apache.derby.iapi.jdbc.InternalDriver.connect(InternalDriver.java:300)
	at org.apache.derby.iapi.jdbc.InternalDriver.connect(InternalDriver.java:967)
	at org.apache.derby.iapi.jdbc.AutoloadedDriver.connect(AutoloadedDriver.java:136)
	at java.sql/java.sql.DriverManager.getConnection(DriverManager.java:683)
	at java.sql/java.sql.DriverManager.getConnection(DriverManager.java:253)
	at progkom.JdbcGameOfLifeBoardDao.<init>(JdbcGameOfLifeBoardDao.java:248)
	at progkom.GameOfLifeBoardDaoFactory.getDbDao(GameOfLifeBoardDaoFactory.java:9)
	at progkom.controller.GameBoardController.lambda$saveBoardToDb$2(GameBoardController.java:87)
	at java.base/java.util.Optional.ifPresent(Optional.java:178)
	at progkom.controller.GameBoardController.saveBoardToDb(GameBoardController.java:82)
	at java.base/jdk.internal.reflect.DirectMethodHandleAccessor.invoke(DirectMethodHandleAccessor.java:103)
	at java.base/java.lang.reflect.Method.invoke(Method.java:580)
	at com.sun.javafx.reflect.Trampoline.invoke(MethodUtil.java:72)
	at java.base/jdk.internal.reflect.DirectMethodHandleAccessor.invoke(DirectMethodHandleAccessor.java:103)
	at java.base/java.lang.reflect.Method.invoke(Method.java:580)
	at javafx.base@23.0.1/com.sun.javafx.reflect.MethodUtil.invoke(MethodUtil.java:270)
	at javafx.fxml@23.0.1/com.sun.javafx.fxml.MethodHelper.invoke(MethodHelper.java:84)
	at javafx.fxml@23.0.1/javafx.fxml.FXMLLoader$MethodHandler.invoke(FXMLLoader.java:1860)
	at javafx.fxml@23.0.1/javafx.fxml.FXMLLoader$ControllerMethodEventHandler.handle(FXMLLoader.java:1731)
	at javafx.base@23.0.1/com.sun.javafx.event.CompositeEventHandler.dispatchBubblingEvent(CompositeEventHandler.java:86)
	at javafx.base@23.0.1/com.sun.javafx.event.EventHandlerManager.dispatchBubblingEvent(EventHandlerManager.java:232)
	at javafx.base@23.0.1/com.sun.javafx.event.EventHandlerManager.dispatchBubblingEvent(EventHandlerManager.java:189)
	at javafx.base@23.0.1/com.sun.javafx.event.CompositeEventDispatcher.dispatchBubblingEvent(CompositeEventDispatcher.java:59)
	at javafx.base@23.0.1/com.sun.javafx.event.BasicEventDispatcher.dispatchEvent(BasicEventDispatcher.java:58)
	at javafx.base@23.0.1/com.sun.javafx.event.EventDispatchChainImpl.dispatchEvent(EventDispatchChainImpl.java:114)
	at javafx.base@23.0.1/com.sun.javafx.event.BasicEventDispatcher.dispatchEvent(BasicEventDispatcher.java:56)
	at javafx.base@23.0.1/com.sun.javafx.event.EventDispatchChainImpl.dispatchEvent(EventDispatchChainImpl.java:114)
	at javafx.base@23.0.1/com.sun.javafx.event.BasicEventDispatcher.dispatchEvent(BasicEventDispatcher.java:56)
	at javafx.base@23.0.1/com.sun.javafx.event.EventDispatchChainImpl.dispatchEvent(EventDispatchChainImpl.java:114)
	at javafx.base@23.0.1/com.sun.javafx.event.EventUtil.fireEventImpl(EventUtil.java:74)
	at javafx.base@23.0.1/com.sun.javafx.event.EventUtil.fireEvent(EventUtil.java:49)
	at javafx.base@23.0.1/javafx.event.Event.fireEvent(Event.java:199)
	at javafx.graphics@23.0.1/javafx.scene.Node.fireEvent(Node.java:8963)
	at javafx.controls@23.0.1/javafx.scene.control.Button.fire(Button.java:203)
	at javafx.controls@23.0.1/com.sun.javafx.scene.control.behavior.ButtonBehavior.mouseReleased(ButtonBehavior.java:207)
	at javafx.controls@23.0.1/com.sun.javafx.scene.control.inputmap.InputMap.handle(InputMap.java:274)
	at javafx.base@23.0.1/com.sun.javafx.event.CompositeEventHandler$NormalEventHandlerRecord.handleBubblingEvent(CompositeEventHandler.java:247)
	at javafx.base@23.0.1/com.sun.javafx.event.CompositeEventHandler.dispatchBubblingEvent(CompositeEventHandler.java:80)
	at javafx.base@23.0.1/com.sun.javafx.event.EventHandlerManager.dispatchBubblingEvent(EventHandlerManager.java:232)
	at javafx.base@23.0.1/com.sun.javafx.event.EventHandlerManager.dispatchBubblingEvent(EventHandlerManager.java:189)
	at javafx.base@23.0.1/com.sun.javafx.event.CompositeEventDispatcher.dispatchBubblingEvent(CompositeEventDispatcher.java:59)
	at javafx.base@23.0.1/com.sun.javafx.event.BasicEventDispatcher.dispatchEvent(BasicEventDispatcher.java:58)
	at javafx.base@23.0.1/com.sun.javafx.event.EventDispatchChainImpl.dispatchEvent(EventDispatchChainImpl.java:114)
	at javafx.base@23.0.1/com.sun.javafx.event.BasicEventDispatcher.dispatchEvent(BasicEventDispatcher.java:56)
	at javafx.base@23.0.1/com.sun.javafx.event.EventDispatchChainImpl.dispatchEvent(EventDispatchChainImpl.java:114)
	at javafx.base@23.0.1/com.sun.javafx.event.BasicEventDispatcher.dispatchEvent(BasicEventDispatcher.java:56)
	at javafx.base@23.0.1/com.sun.javafx.event.EventDispatchChainImpl.dispatchEvent(EventDispatchChainImpl.java:114)
	at javafx.base@23.0.1/com.sun.javafx.event.EventUtil.fireEventImpl(EventUtil.java:74)
	at javafx.base@23.0.1/com.sun.javafx.event.EventUtil.fireEvent(EventUtil.java:54)
	at javafx.base@23.0.1/javafx.event.Event.fireEvent(Event.java:199)
	at javafx.graphics@23.0.1/javafx.scene.Scene$MouseHandler.process(Scene.java:3987)
	at javafx.graphics@23.0.1/javafx.scene.Scene.processMouseEvent(Scene.java:1893)
	at javafx.graphics@23.0.1/javafx.scene.Scene$ScenePeerListener.mouseEvent(Scene.java:2711)
	at javafx.graphics@23.0.1/com.sun.javafx.tk.quantum.GlassViewEventHandler$MouseEventNotification.run(GlassViewEventHandler.java:411)
	at javafx.graphics@23.0.1/com.sun.javafx.tk.quantum.GlassViewEventHandler$MouseEventNotification.run(GlassViewEventHandler.java:301)
	at java.base/java.security.AccessController.doPrivileged(AccessController.java:400)
	at javafx.graphics@23.0.1/com.sun.javafx.tk.quantum.GlassViewEventHandler.lambda$handleMouseEvent$2(GlassViewEventHandler.java:450)
	at javafx.graphics@23.0.1/com.sun.javafx.tk.quantum.QuantumToolkit.runWithoutRenderLock(QuantumToolkit.java:430)
	at javafx.graphics@23.0.1/com.sun.javafx.tk.quantum.GlassViewEventHandler.handleMouseEvent(GlassViewEventHandler.java:449)
	at javafx.graphics@23.0.1/com.sun.glass.ui.View.handleMouseEvent(View.java:560)
	at javafx.graphics@23.0.1/com.sun.glass.ui.View.notifyMouse(View.java:946)
	at javafx.graphics@23.0.1/com.sun.glass.ui.win.WinApplication._runLoop(Native Method)
	at javafx.graphics@23.0.1/com.sun.glass.ui.win.WinApplication.lambda$runLoop$3(WinApplication.java:184)
	at java.base/java.lang.Thread.run(Thread.java:1583)
============= end nested exception, level (1) ===========
Cleanup action completed
